\BOOKMARK [0][-]{chapter.1}{Introduction}{}% 1
\BOOKMARK [1][-]{section.1.1}{Goals}{chapter.1}% 2
\BOOKMARK [1][-]{section.1.2}{Contributions}{chapter.1}% 3
\BOOKMARK [1][-]{section.1.3}{Contents}{chapter.1}% 4
\BOOKMARK [0][-]{chapter.2}{Background}{}% 5
\BOOKMARK [1][-]{section.2.1}{Resource Intensive Computing Paradigms}{chapter.2}% 6
\BOOKMARK [1][-]{section.2.2}{Cluster Management Paradigms}{chapter.2}% 7
\BOOKMARK [2][-]{subsection.2.2.1}{Borg}{section.2.2}% 8
\BOOKMARK [2][-]{subsection.2.2.2}{Omega}{section.2.2}% 9
\BOOKMARK [2][-]{subsection.2.2.3}{Mesos}{section.2.2}% 10
\BOOKMARK [2][-]{subsection.2.2.4}{YARN}{section.2.2}% 11
\BOOKMARK [2][-]{subsection.2.2.5}{Kubernetes}{section.2.2}% 12
\BOOKMARK [1][-]{section.2.3}{Auto-scaling Paradigms}{chapter.2}% 13
\BOOKMARK [2][-]{subsection.2.3.1}{Threshold-based Rule Policies}{section.2.3}% 14
\BOOKMARK [2][-]{subsection.2.3.2}{Time-series Analysis}{section.2.3}% 15
\BOOKMARK [2][-]{subsection.2.3.3}{Control theory}{section.2.3}% 16
\BOOKMARK [1][-]{section.2.4}{Summary}{chapter.2}% 17
\BOOKMARK [0][-]{chapter.3}{Architecture}{}% 18
\BOOKMARK [1][-]{section.3.1}{Overview of Kubernetes}{chapter.3}% 19
\BOOKMARK [2][-]{subsection.3.1.1}{History}{section.3.1}% 20
\BOOKMARK [2][-]{subsection.3.1.2}{Values}{section.3.1}% 21
\BOOKMARK [2][-]{subsection.3.1.3}{Running Kubernetes}{section.3.1}% 22
\BOOKMARK [1][-]{section.3.2}{Building Blocks of Kubernetes}{chapter.3}% 23
\BOOKMARK [2][-]{subsection.3.2.1}{Containerization}{section.3.2}% 24
\BOOKMARK [2][-]{subsection.3.2.2}{Microservices}{section.3.2}% 25
\BOOKMARK [2][-]{subsection.3.2.3}{Summary}{section.3.2}% 26
\BOOKMARK [1][-]{section.3.3}{Components of Kubernetes}{chapter.3}% 27
\BOOKMARK [2][-]{subsection.3.3.1}{Pods}{section.3.3}% 28
\BOOKMARK [2][-]{subsection.3.3.2}{Replication Controllers}{section.3.3}% 29
\BOOKMARK [2][-]{subsection.3.3.3}{Services}{section.3.3}% 30
\BOOKMARK [1][-]{section.3.4}{Autoscaling in Kubernetes}{chapter.3}% 31
\BOOKMARK [2][-]{subsection.3.4.1}{Current Implementation}{section.3.4}% 32
\BOOKMARK [2][-]{subsection.3.4.2}{Algorithm}{section.3.4}% 33
\BOOKMARK [1][-]{section.3.5}{Predictive Autoscaling in relation to Kubernetes}{chapter.3}% 34
\BOOKMARK [2][-]{subsection.3.5.1}{Overview}{section.3.5}% 35
\BOOKMARK [2][-]{subsection.3.5.2}{Algorithm}{section.3.5}% 36
\BOOKMARK [2][-]{subsection.3.5.3}{Benefits of Predictive Autoscaling}{section.3.5}% 37
\BOOKMARK [1][-]{section.3.6}{Summary}{chapter.3}% 38
\BOOKMARK [0][-]{chapter.4}{Implementation}{}% 39
\BOOKMARK [1][-]{section.4.1}{Technical Overview}{chapter.4}% 40
\BOOKMARK [1][-]{section.4.2}{Enabling Additions}{chapter.4}% 41
\BOOKMARK [2][-]{subsection.4.2.1}{Recording Pod Initialization Time}{section.4.2}% 42
\BOOKMARK [2][-]{subsection.4.2.2}{Storing Previous CPU Utilizations}{section.4.2}% 43
\BOOKMARK [2][-]{subsection.4.2.3}{Autoscaling Predictively}{section.4.2}% 44
\BOOKMARK [2][-]{subsection.4.2.4}{Enabling Predictive Autoscaling}{section.4.2}% 45
\BOOKMARK [1][-]{section.4.3}{Overview}{chapter.4}% 46
\BOOKMARK [0][-]{chapter.5}{Evaluation}{}% 47
\BOOKMARK [1][-]{section.5.1}{Goals of Evaluation}{chapter.5}% 48
\BOOKMARK [2][-]{subsection.5.1.1}{Predictive Auto-scaling's Impact}{section.5.1}% 49
\BOOKMARK [2][-]{subsection.5.1.2}{Scenario Analysis}{section.5.1}% 50
\BOOKMARK [1][-]{section.5.2}{Evaluation Metrics}{chapter.5}% 51
\BOOKMARK [2][-]{subsection.5.2.1}{Efficient Resource Utilization}{section.5.2}% 52
\BOOKMARK [2][-]{subsection.5.2.2}{Quality of Service}{section.5.2}% 53
\BOOKMARK [2][-]{subsection.5.2.3}{Summation of ERU and QOS}{section.5.2}% 54
\BOOKMARK [1][-]{section.5.3}{Control Groups}{chapter.5}% 55
\BOOKMARK [2][-]{subsection.5.3.1}{Static}{section.5.3}% 56
\BOOKMARK [2][-]{subsection.5.3.2}{Reactive Auto-scaling}{section.5.3}% 57
\BOOKMARK [1][-]{section.5.4}{Independent Variables}{chapter.5}% 58
\BOOKMARK [2][-]{subsection.5.4.1}{Pod Initialization Time}{section.5.4}% 59
\BOOKMARK [2][-]{subsection.5.4.2}{Traffic Request Pattern}{section.5.4}% 60
\BOOKMARK [1][-]{section.5.5}{Methodology}{chapter.5}% 61
\BOOKMARK [2][-]{subsection.5.5.1}{Tools}{section.5.5}% 62
\BOOKMARK [2][-]{subsection.5.5.2}{Evaluation Process}{section.5.5}% 63
\BOOKMARK [1][-]{section.5.6}{Results}{chapter.5}% 64
\BOOKMARK [2][-]{subsection.5.6.1}{Impact of Predictive Auto-scaling}{section.5.6}% 65
\BOOKMARK [2][-]{subsection.5.6.2}{Scenarios}{section.5.6}% 66
\BOOKMARK [1][-]{section.5.7}{Summary}{chapter.5}% 67
\BOOKMARK [0][-]{chapter.6}{Conclusion}{}% 68
\BOOKMARK [1][-]{section.6.1}{Future Work}{chapter.6}% 69
\BOOKMARK [1][-]{section.6.2}{Summary of Contributions}{chapter.6}% 70
\BOOKMARK [0][-]{chapter.7}{Appendix}{}% 71
\BOOKMARK [1][-]{section.7.1}{Accessing Code}{chapter.7}% 72
